<?xml version="1.0" encoding="UTF-8"?>
<testsuite name="ro.ubb.catalog.core.repository.LabProblemRepositoryTest" tests="4" skipped="0" failures="0" errors="0" timestamp="2020-06-02T15:41:30" hostname="tamas-pc" time="0.577">
  <properties/>
  <testcase name="createLabProblem" classname="ro.ubb.catalog.core.repository.LabProblemRepositoryTest" time="0.464"/>
  <testcase name="findAll" classname="ro.ubb.catalog.core.repository.LabProblemRepositoryTest" time="0.025"/>
  <testcase name="deleteLabProblem" classname="ro.ubb.catalog.core.repository.LabProblemRepositoryTest" time="0.068"/>
  <testcase name="updateLabProblem" classname="ro.ubb.catalog.core.repository.LabProblemRepositoryTest" time="0.016"/>
  <system-out><![CDATA[Hibernate: create table app_user (id bigint generated by default as identity, first_name varchar(255) not null, last_name varchar(255) not null, password varchar(255) not null, user_name varchar(255) not null, user_role varchar(255) not null, primary key (id))
Hibernate: create table assignments (assignment_id bigint generated by default as identity, grade integer check (grade>=0 AND grade<=10), lab_problem_id bigint not null, student_id bigint not null, primary key (assignment_id))
Hibernate: create table lab_problems (lab_problem_id bigint generated by default as identity, description varchar(255), problem_number integer check (problem_number>=0), primary key (lab_problem_id))
Hibernate: create table students (student_id bigint generated by default as identity, group_number integer check (group_number>=0), name varchar(255), serial_number varchar(255), primary key (student_id))
Hibernate: alter table app_user drop constraint if exists UK_cpt2jpnop7mcpds1sv2i5629w
Hibernate: alter table app_user add constraint UK_cpt2jpnop7mcpds1sv2i5629w unique (user_name)
Hibernate: alter table assignments add constraint FKilk5588fxpqgf3fri3o903aod foreign key (lab_problem_id) references lab_problems
Hibernate: alter table assignments add constraint FKn1mo9c6bajjx15gthydqdnv4b foreign key (student_id) references students
Hibernate: select labproblem0_.lab_problem_id as lab_prob1_2_1_, labproblem0_.description as descript2_2_1_, labproblem0_.problem_number as problem_3_2_1_, assignment1_.lab_problem_id as lab_prob3_1_3_, assignment1_.assignment_id as assignme1_1_3_, assignment1_.assignment_id as assignme1_1_0_, assignment1_.grade as grade2_1_0_, assignment1_.lab_problem_id as lab_prob3_1_0_, assignment1_.student_id as student_4_1_0_ from lab_problems labproblem0_ left outer join assignments assignment1_ on labproblem0_.lab_problem_id=assignment1_.lab_problem_id where labproblem0_.lab_problem_id=?
Hibernate: insert into lab_problems (lab_problem_id, description, problem_number) values (null, ?, ?)
Hibernate: select labproblem0_.lab_problem_id as lab_prob1_2_0_, labproblem0_.description as descript2_2_0_, labproblem0_.problem_number as problem_3_2_0_ from lab_problems labproblem0_ where labproblem0_.lab_problem_id=?
Hibernate: select labproblem0_.lab_problem_id as lab_prob1_2_, labproblem0_.description as descript2_2_, labproblem0_.problem_number as problem_3_2_ from lab_problems labproblem0_
Hibernate: select labproblem0_.lab_problem_id as lab_prob1_2_, labproblem0_.description as descript2_2_, labproblem0_.problem_number as problem_3_2_ from lab_problems labproblem0_
Hibernate: select labproblem0_.lab_problem_id as lab_prob1_2_0_, labproblem0_.description as descript2_2_0_, labproblem0_.problem_number as problem_3_2_0_ from lab_problems labproblem0_ where labproblem0_.lab_problem_id=?
Hibernate: select assignment0_.lab_problem_id as lab_prob3_1_0_, assignment0_.assignment_id as assignme1_1_0_, assignment0_.assignment_id as assignme1_1_1_, assignment0_.grade as grade2_1_1_, assignment0_.lab_problem_id as lab_prob3_1_1_, assignment0_.student_id as student_4_1_1_ from assignments assignment0_ where assignment0_.lab_problem_id=?
Hibernate: delete from lab_problems where lab_problem_id=?
Hibernate: select labproblem0_.lab_problem_id as lab_prob1_2_, labproblem0_.description as descript2_2_, labproblem0_.problem_number as problem_3_2_ from lab_problems labproblem0_
Hibernate: select labproblem0_.lab_problem_id as lab_prob1_2_0_, labproblem0_.description as descript2_2_0_, labproblem0_.problem_number as problem_3_2_0_ from lab_problems labproblem0_ where labproblem0_.lab_problem_id=?
Hibernate: select labproblem0_.lab_problem_id as lab_prob1_2_0_, labproblem0_.description as descript2_2_0_, labproblem0_.problem_number as problem_3_2_0_ from lab_problems labproblem0_ where labproblem0_.lab_problem_id=?
]]></system-out>
  <system-err><![CDATA[ERROR StatusLogger No log4j2 configuration file found. Using default configuration: logging only errors to the console. Set system property 'log4j2.debug' to show Log4j2 internal initialization logging.
]]></system-err>
</testsuite>
